

<!DOCTYPE html>
<html>
<head>
<meta charset="UTF-8">
<meta name="viewport" content="width=device-width, initial-scale=1, shrink-to-fit=no">
<title>Extent Report</title>
<link rel="apple-touch-icon" href="https://cdn.jsdelivr.net/gh/extent-framework/extent-github-cdn@b00a2d0486596e73dd7326beacf352c639623a0e/commons/img/logo.png">
<link rel="shortcut icon" href="https://cdn.jsdelivr.net/gh/extent-framework/extent-github-cdn@b00a2d0486596e73dd7326beacf352c639623a0e/commons/img/logo.png">
<link href="https://cdn.jsdelivr.net/gh/extent-framework/extent-github-cdn@d6562a79075e061305ccfdb82f01e5e195e2d307/spark/css/spark-style.css" rel="stylesheet" />
<link href="https://stackpath.bootstrapcdn.com/font-awesome/4.7.0/css/font-awesome.min.css" rel="stylesheet">
<script src="https://cdn.jsdelivr.net/gh/extent-framework/extent-github-cdn@7cc78ce/spark/js/jsontree.js"></script>
<style type="text/css"></style></head><body class="spa bdd-report dark">
  <div class="app">
    <div class="layout">
<div class="header navbar">
<div class="vheader">
<div class="nav-logo">
<a href="#">
<div class="logo" style="background-image: url('https://cdn.jsdelivr.net/gh/extent-framework/extent-github-cdn@b00a2d0486596e73dd7326beacf352c639623a0e/commons/img/logo.png')"></div>
</a>
</div>
<ul class="nav-left">
<li class="search-box">
<a class="search-toggle" href="#">
<i class="search-icon fa fa-search"></i>
<i class="search-icon-close fa fa-close"></i>
</a>
</li>
<li class="search-input"><input id="search-tests" class="form-control" type="text" placeholder="Search..."></li>
</ul>
<ul class="nav-right">
<li class="m-r-10">
<a href="#"><span class="badge badge-primary">Nopcommerce Report</span></a>
</li>
<li class="m-r-10">
<a href="#"><span class="badge badge-primary">Dec 19, 2023 03:24:09 pm</span></a>
</li>
</ul>
</div>
</div><div class="side-nav">
<div class="side-nav-inner">
<ul class="side-nav-menu">
<li class="nav-item dropdown" onclick="toggleView('dashboard-view')">
<a id="nav-dashboard" class="dropdown-toggle" href="#">
<span class="ico"><i class="fa fa-bar-chart"></i></span>
</a>
</li>
<li class="nav-item dropdown" onclick="toggleView('test-view')">
<a id="nav-test" class="dropdown-toggle" href="#">
<span class="ico"><i class="fa fa-list"></i></span>
</a>
</li>
<li class="nav-item dropdown" onclick="toggleView('category-view')">
<a id="nav-category" class="dropdown-toggle" href="#">
<span class="ico"><i class="fa fa-tag"></i></span>
</a>
</li>
<li class="nav-item dropdown" onclick="toggleView('exception-view')">
<a id="nav-exception" class="dropdown-toggle" href="#">
<span class="ico"><i class="fa fa-bug"></i></span>
</a>
</li>
</ul>
</div>
</div>      <div class="vcontainer">
        <div class="main-content">
<div class="container-fluid p-4 view dashboard-view">
<div class="row">
<div class="col-md-3">
<div class="card"><div class="card-body">
<p class="m-b-0">Started</p>
<h3>Dec 19, 2023 03:24:09 pm</h3>
</div></div>
</div>
<div class="col-md-3">
<div class="card"><div class="card-body">
<p class="m-b-0">Ended</p>
<h3>Dec 19, 2023 03:26:35 pm</h3>
</div></div>
</div>
<div class="col-md-3">
<div class="card"><div class="card-body">
<p class="m-b-0 text-pass">Features Passed</p>
<h3>0</h3>
</div></div>
</div>
<div class="col-md-3">
<div class="card"><div class="card-body">
<p class="m-b-0 text-fail">Features Failed</p>
<h3>3</h3>
</div></div>
</div>
</div>
<div class="row">
<div class="col-md-4">
<div class="card">
<div class="card-header">
<h6 class="card-title">Features</h6>
</div>
<div class="card-body">
<div class="">
<canvas id='parent-analysis' width='115' height='90'></canvas>
</div>
</div>
<div class="card-footer">
<div><small data-tooltip='0%'>
<b>0</b> features passed
</small>
</div>
<div>
<small data-tooltip='100%'><b>3</b> features failed,
<b>0</b> skipped, <b data-tooltip='0%'>0</b> others
</small>
</div>
</div>
</div>
</div>
<div class="col-md-4">
<div class="card">
<div class="card-header">
<h6 class="card-title">Scenarios</h6>
</div>
<div class="card-body">
<div class="">
<canvas id='child-analysis' width='115' height='90'></canvas>
</div>
</div>
<div class="card-footer">
<div><small data-tooltip='50%'><b>5</b> scenarios passed</small></div>
<div>
<small data-tooltip='50%'><b>5</b> scenarios failed,
<b>0</b> skipped, <b data-tooltip='%'>0</b> others
</small>
</div>
</div>
</div>
</div>
<div class="col-md-4">
<div class="card">
<div class="card-header">
<h6 class="card-title">Steps</h6>
</div>
<div class="card-body">
<div class="">
<canvas id='grandchild-analysis' width='115' height='90'></canvas>
</div>
</div>
<div class="card-footer">
<div><small data-tooltip='81%'><b>50</b> steps passed</small></div>
<div>
<small data-tooltip='8%'><b>5</b> steps failed,
<b>6</b> skipped, <b data-tooltip='%'>0</b> others
</small>
</div>
</div>
</div>
</div>
</div>
<div class="row"><div class="col-md-12">
<div class="card"><div class="card-header"><p>Timeline</p></div>
<div class="card-body pt-0"><div>
<canvas id="timeline" height="120"></canvas>
</div></div>
</div>
</div></div>
<script>
var timeline = {
"Computer":63.221,"Login Feature":44.309,"Register feature":36.94
};
</script>
<div class="row">
<div class="col-lg-6 col-md-12 category-container">
<div class="card">
<div class="card-header"><p>Tags</p></div>
<div class="card-body pb-0 pt-0"><table class="table table-sm table-bordered">
<thead><tr class="bg-gray"><th>Name</th><th>Passed</th><th>Failed</th><th>Skipped</th><th>Others</th><th>Passed %</th></tr></thead><tbody>
<tr>
<td>@regression</td>
<td>5</td>
<td>5</td>
<td>0</td>
<td>0</td>
<td>50%</td>
</tr>
</tbody>
</table></div>
</div>
</div>
<div class="col-lg-6 col-md-12 sysenv-container">
<div class="card">
<div class="card-header"><p>System/Environment</p></div>
<div class="card-body pb-0 pt-0"><table class="table table-sm table-bordered">
<thead><tr class="bg-gray"><th>Name</th><th>Value</th></tr></thead>
<tbody>
<tr>
<td>Engineer</td>
<td>Pinal Shah</td>
</tr>
<tr>
<td>Project</td>
<td>Nop commerce</td>
</tr>
<tr>
<td>os</td>
<td>Windows</td>
</tr>
</tbody>
</table></div>
</div>
</div>
</div>
</div>
<script>
var statusGroup = {
parentCount: 5,
passParent: 0,
failParent: 3,
warningParent: 0,
skipParent: 0,
childCount: 5,
passChild: 5,
failChild: 5,
warningChild: 0,
skipChild: 0,
infoChild: 0,
grandChildCount: 5,
passGrandChild: 50,
failGrandChild: 5,
warningGrandChild: 0,
skipGrandChild: 6,
infoGrandChild: 0,
eventsCount: 5,
};
</script><div class="test-wrapper row view test-view">
  <div class="test-list">
    <div class="test-list-tools">
<ul class="tools pull-left">
<li><a href="#"><span class="font-size-14">Tests</span></a></li>
</ul>
<ul class="tools text-right">
<li class="dropdown">
<a href="#" class="dropdown-toggle" data-toggle="dropdown"><i class="fa fa-exclamation-circle"></i></a>
<ul id="status-toggle" class="dropdown-menu dropdown-md p-v-0">
<a class="dropdown-item" status="fail" href="#"><span>Fail</span><span class="status danger"></span></a>
<div class="dropdown-divider"></div>
<a status="clear" class="dropdown-item" href="#"><span>Clear</span><span class="pull-right"><i class="fa fa-close"></i></span></a>
</ul>
</li>
<li class="dropdown">
<a href="#" class="dropdown-toggle" data-toggle="dropdown"><i class="fa fa-tag"></i></a>
<ul id="tag-toggle" class="dropdown-menu dropdown-md p-v-0">
<a class="dropdown-item" href="#">@regression</a>
</ul>
</li>
</ul>
</div>    <div class="test-list-wrapper scrollable">
      <ul class="test-list-item">
        <li class="test-item"  status="fail" test-id="1"
          author=""
          tag=""
          device="">
          <div class="test-detail">
            <p class="name">Computer</p>
            <p class="text-sm">
              <span>15:24:11</span> / <span>00:01:03:221</span>
              <span class="badge fail-bg log float-right">Fail</span>
            </p>
          </div>
          <div class="test-contents d-none">
<div class="detail-head">
<div class="p-v-10">
<div class="info">
<h5 class="test-status text-fail">Computer</h5>
<span class='badge badge-success'>12.19.2023 15:24:11</span>
<span class='badge badge-danger'>12.19.2023 15:25:14</span>
<span class='badge badge-default'>00:01:03:221</span>
&middot; <span class='uri-anchor badge badge-default'>#test-id=1</span>
<span class='badge badge-default pointer float-right ml-1 et'><i class="fa fa-chevron-down"></i></span>
<span class='badge badge-default pointer float-right ct'><i class="fa fa-chevron-up"></i></span>
</div>
<div class="m-t-10 m-l-5"></div>
</div>
</div>
<div class="accordion mt-4">
  <div class="card">
    <div class="card-header" role="tab">
      <div class="card-title">
        <div class="node" id="2"><span class="badge log pass-bg mr-2">Pass</span>verifyUserShouldNavigateToComputerPageSuccessfully</div>
      </div>
    </div>
        <div class="collapse">
          <div class="card-body">
              <div class="step pass-bg" title="com.nopcommerce.demo.steps.LoginSteps.iAmOnHomepage()">
                <span>Given I am on homepage</span>
      <div>
      </div>
              </div>
              <div class="step pass-bg" title="com.nopcommerce.demo.steps.ComputerSteps.iClickOnComputerTab()">
                <span>When I Click on Computer tab</span>
      <div>
      </div>
              </div>
              <div class="step pass-bg" title="com.nopcommerce.demo.steps.ComputerSteps.iSeeComputerText()">
                <span>Then I  see Computer text</span>
      <div>
      </div>
              </div>
          </div>
        </div>
  </div>
  <div class="card">
    <div class="card-header" role="tab">
      <div class="card-title">
        <div class="node" id="8"><span class="badge log fail-bg mr-2">Fail</span>verifyUserShouldNavigateToDesktopsPageSuccessfully</div>
      </div>
    </div>
        <div class="">
          <div class="card-body">
              <div class="step pass-bg" title="com.nopcommerce.demo.steps.LoginSteps.iAmOnHomepage()">
                <span>Given I am on homepage</span>
      <div>
      </div>
              </div>
              <div class="step pass-bg" title="com.nopcommerce.demo.steps.ComputerSteps.iClickOnComputerTab()">
                <span>When I Click on Computer tab</span>
      <div>
      </div>
              </div>
              <div class="step fail-bg" title="com.nopcommerce.demo.steps.ComputerSteps.iClickOnDesktopsLink()">
                <span>And I Click on Desktops link</span>
      <div>
        <textarea disabled class="code-block">org.openqa.selenium.ElementNotInteractableException: element not interactable
  (Session info: chrome=120.0.6099.72)
Build info: version: '4.15.0', revision: '1d14b5521b'
System info: os.name: 'Windows 10', os.arch: 'amd64', os.version: '10.0', java.version: '17.0.8'
Driver info: org.openqa.selenium.chrome.ChromeDriver
Command: [e936cda8b6dfa2499843714ac9fa20ad, clickElement {id=5E3CBF5AD98A5AC7F573DF787CDE7F53_element_15}]
Capabilities {acceptInsecureCerts: false, browserName: chrome, browserVersion: 120.0.6099.72, chrome: {chromedriverVersion: 120.0.6099.109 (3419140ab66..., userDataDir: C:\Users\TUSHAR~1\AppData\L...}, fedcm:accounts: true, goog:chromeOptions: {debuggerAddress: localhost:56192}, networkConnectionEnabled: false, pageLoadStrategy: normal, platformName: windows, proxy: Proxy(), se:cdp: ws://localhost:56192/devtoo..., se:cdpVersion: 120.0.6099.72, setWindowRect: true, strictFileInteractability: false, timeouts: {implicit: 0, pageLoad: 300000, script: 30000}, unhandledPromptBehavior: dismiss and notify, webauthn:extension:credBlob: true, webauthn:extension:largeBlob: true, webauthn:extension:minPinLength: true, webauthn:extension:prf: true, webauthn:virtualAuthenticators: true}
Element: [[ChromeDriver: chrome on windows (e936cda8b6dfa2499843714ac9fa20ad)] -> xpath: //ul[@class='top-menu notmobile']//a[normalize-space()='Desktops']]
Session ID: e936cda8b6dfa2499843714ac9fa20ad
	at java.base/jdk.internal.reflect.NativeConstructorAccessorImpl.newInstance0(Native Method)
	at java.base/jdk.internal.reflect.NativeConstructorAccessorImpl.newInstance(NativeConstructorAccessorImpl.java:77)
	at java.base/jdk.internal.reflect.DelegatingConstructorAccessorImpl.newInstance(DelegatingConstructorAccessorImpl.java:45)
	at java.base/java.lang.reflect.Constructor.newInstanceWithCaller(Constructor.java:499)
	at java.base/java.lang.reflect.Constructor.newInstance(Constructor.java:480)
	at org.openqa.selenium.remote.codec.w3c.W3CHttpResponseCodec.createException(W3CHttpResponseCodec.java:200)
	at org.openqa.selenium.remote.codec.w3c.W3CHttpResponseCodec.decode(W3CHttpResponseCodec.java:133)
	at org.openqa.selenium.remote.codec.w3c.W3CHttpResponseCodec.decode(W3CHttpResponseCodec.java:52)
	at org.openqa.selenium.remote.HttpCommandExecutor.execute(HttpCommandExecutor.java:191)
	at org.openqa.selenium.remote.service.DriverCommandExecutor.invokeExecute(DriverCommandExecutor.java:200)
	at org.openqa.selenium.remote.service.DriverCommandExecutor.execute(DriverCommandExecutor.java:175)
	at org.openqa.selenium.remote.RemoteWebDriver.execute(RemoteWebDriver.java:607)
	at org.openqa.selenium.remote.RemoteWebElement.execute(RemoteWebElement.java:224)
	at org.openqa.selenium.remote.RemoteWebElement.click(RemoteWebElement.java:77)
	at java.base/jdk.internal.reflect.NativeMethodAccessorImpl.invoke0(Native Method)
	at java.base/jdk.internal.reflect.NativeMethodAccessorImpl.invoke(NativeMethodAccessorImpl.java:77)
	at java.base/jdk.internal.reflect.DelegatingMethodAccessorImpl.invoke(DelegatingMethodAccessorImpl.java:43)
	at java.base/java.lang.reflect.Method.invoke(Method.java:568)
	at org.openqa.selenium.support.pagefactory.internal.LocatingElementHandler.invoke(LocatingElementHandler.java:51)
	at jdk.proxy2/jdk.proxy2.$Proxy29.click(Unknown Source)
	at com.nopcommerce.demo.utility.Utility.clickOnElement(Utility.java:52)
	at com.nopcommerce.demo.pages.ComputerPage.clickOnDesktop(ComputerPage.java:23)
	at com.nopcommerce.demo.steps.ComputerSteps.iClickOnDesktopsLink(ComputerSteps.java:33)
	at ✽.I Click on Desktops link(file:///C:/Users/Tushar%20LP/IdeaProjects/nop-commerce-demo-cucumber/src/test/resources/features/computerpage.feature:13)
</textarea>
      
      </div>
              </div>
              <div class="step skip-bg" title="com.nopcommerce.demo.steps.ComputerSteps.iSeeDesktopsText()">
                <span>Then I see Desktops text</span>
      <div>Step skipped
      </div>
              </div>
          </div>
        </div>
  </div>
  <div class="card">
    <div class="card-header" role="tab">
      <div class="card-title">
        <div class="node" id="15"><span class="badge log fail-bg mr-2">Fail</span>verifyThatUserShouldBuildYouOwnComputerAndAddThemToCartSuccessfully</div>
      </div>
    </div>
        <div class="">
          <div class="card-body">
              <div class="step pass-bg" title="com.nopcommerce.demo.steps.LoginSteps.iAmOnHomepage()">
                <span>Given I am on homepage</span>
      <div>
      </div>
              </div>
              <div class="step pass-bg" title="com.nopcommerce.demo.steps.ComputerSteps.iClickOnComputerTab()">
                <span>When I Click on Computer tab</span>
      <div>
      </div>
              </div>
              <div class="step fail-bg" title="com.nopcommerce.demo.steps.ComputerSteps.iClickOnDesktopsLink()">
                <span>And I Click on Desktops link</span>
      <div>
        <textarea disabled class="code-block">org.openqa.selenium.ElementNotInteractableException: element not interactable
  (Session info: chrome=120.0.6099.72)
Build info: version: '4.15.0', revision: '1d14b5521b'
System info: os.name: 'Windows 10', os.arch: 'amd64', os.version: '10.0', java.version: '17.0.8'
Driver info: org.openqa.selenium.chrome.ChromeDriver
Command: [b679d454a3be04a713b0666b031be81f, clickElement {id=CD52134C43DB0C71F0D5D136E69FA33B_element_15}]
Capabilities {acceptInsecureCerts: false, browserName: chrome, browserVersion: 120.0.6099.72, chrome: {chromedriverVersion: 120.0.6099.109 (3419140ab66..., userDataDir: C:\Users\TUSHAR~1\AppData\L...}, fedcm:accounts: true, goog:chromeOptions: {debuggerAddress: localhost:56238}, networkConnectionEnabled: false, pageLoadStrategy: normal, platformName: windows, proxy: Proxy(), se:cdp: ws://localhost:56238/devtoo..., se:cdpVersion: 120.0.6099.72, setWindowRect: true, strictFileInteractability: false, timeouts: {implicit: 0, pageLoad: 300000, script: 30000}, unhandledPromptBehavior: dismiss and notify, webauthn:extension:credBlob: true, webauthn:extension:largeBlob: true, webauthn:extension:minPinLength: true, webauthn:extension:prf: true, webauthn:virtualAuthenticators: true}
Element: [[ChromeDriver: chrome on windows (b679d454a3be04a713b0666b031be81f)] -> xpath: //ul[@class='top-menu notmobile']//a[normalize-space()='Desktops']]
Session ID: b679d454a3be04a713b0666b031be81f
	at java.base/jdk.internal.reflect.NativeConstructorAccessorImpl.newInstance0(Native Method)
	at java.base/jdk.internal.reflect.NativeConstructorAccessorImpl.newInstance(NativeConstructorAccessorImpl.java:77)
	at java.base/jdk.internal.reflect.DelegatingConstructorAccessorImpl.newInstance(DelegatingConstructorAccessorImpl.java:45)
	at java.base/java.lang.reflect.Constructor.newInstanceWithCaller(Constructor.java:499)
	at java.base/java.lang.reflect.Constructor.newInstance(Constructor.java:480)
	at org.openqa.selenium.remote.codec.w3c.W3CHttpResponseCodec.createException(W3CHttpResponseCodec.java:200)
	at org.openqa.selenium.remote.codec.w3c.W3CHttpResponseCodec.decode(W3CHttpResponseCodec.java:133)
	at org.openqa.selenium.remote.codec.w3c.W3CHttpResponseCodec.decode(W3CHttpResponseCodec.java:52)
	at org.openqa.selenium.remote.HttpCommandExecutor.execute(HttpCommandExecutor.java:191)
	at org.openqa.selenium.remote.service.DriverCommandExecutor.invokeExecute(DriverCommandExecutor.java:200)
	at org.openqa.selenium.remote.service.DriverCommandExecutor.execute(DriverCommandExecutor.java:175)
	at org.openqa.selenium.remote.RemoteWebDriver.execute(RemoteWebDriver.java:607)
	at org.openqa.selenium.remote.RemoteWebElement.execute(RemoteWebElement.java:224)
	at org.openqa.selenium.remote.RemoteWebElement.click(RemoteWebElement.java:77)
	at java.base/jdk.internal.reflect.NativeMethodAccessorImpl.invoke0(Native Method)
	at java.base/jdk.internal.reflect.NativeMethodAccessorImpl.invoke(NativeMethodAccessorImpl.java:77)
	at java.base/jdk.internal.reflect.DelegatingMethodAccessorImpl.invoke(DelegatingMethodAccessorImpl.java:43)
	at java.base/java.lang.reflect.Method.invoke(Method.java:568)
	at org.openqa.selenium.support.pagefactory.internal.LocatingElementHandler.invoke(LocatingElementHandler.java:51)
	at jdk.proxy2/jdk.proxy2.$Proxy29.click(Unknown Source)
	at com.nopcommerce.demo.utility.Utility.clickOnElement(Utility.java:52)
	at com.nopcommerce.demo.pages.ComputerPage.clickOnDesktop(ComputerPage.java:23)
	at com.nopcommerce.demo.steps.ComputerSteps.iClickOnDesktopsLink(ComputerSteps.java:33)
	at ✽.I Click on Desktops link(file:///C:/Users/Tushar%20LP/IdeaProjects/nop-commerce-demo-cucumber/src/test/resources/features/computerpage.feature:20)
</textarea>
      
      </div>
              </div>
              <div class="step skip-bg" title="com.nopcommerce.demo.steps.ComputerSteps.iClickOnProductNameBuildYourOwnComputer()">
                <span>And I Click on product name Build your own computer</span>
      <div>Step skipped
      </div>
              </div>
              <div class="step skip-bg" title="com.nopcommerce.demo.steps.ComputerSteps.iSelectComputerFeatures(io.cucumber.datatable.DataTable)">
                <span>And I Select computer features</span>
      <div><table class='markup-table table '><tr><td>processor</td><td>ram</td><td>hdd</td><td>os</td><td>software</td></tr><tr><td>2.2 GHz Intel Pentium Dual-Core E2200</td><td>2 GB</td><td>320 GB</td><td>Vista Home [+$50.00]</td><td>Microsoft Office [+$50.00]</td></tr><tr><td>2.5 GHz Intel Pentium Dual-Core E2200 [+$15.00]</td><td>4GB [+$20.00]</td><td>400 GB [+$100.00]</td><td>Vista Premium [+$60.00]</td><td>Acrobat Reader [+$10.00]</td></tr><tr><td>2.5 GHz Intel Pentium Dual-Core E2200 [+$15.00]</td><td>8GB [+$60.00]</td><td>320 GB</td><td>VistaHome [+$50.00]</td><td>Total Commander [+$5.00]</td></tr></table>
      </div>
      <div>Step skipped
      </div>
              </div>
              <div class="step skip-bg" title="com.nopcommerce.demo.steps.ComputerSteps.iClickOnADDTOCARTButton()">
                <span>And I Click on ADD TO CART Button</span>
      <div>Step skipped
      </div>
              </div>
              <div class="step skip-bg" title="com.nopcommerce.demo.steps.ComputerSteps.iSeeMessageTheProductHasBeenAddedToYourShoppingCart()">
                <span>Then I see message The product has been added to your shopping cart</span>
      <div>Step skipped
      </div>
              </div>
          </div>
        </div>
  </div>
</div>
          </div>
        </li>
        <li class="test-item"  status="fail" test-id="25"
          author=""
          tag=""
          device="">
          <div class="test-detail">
            <p class="name">Login Feature</p>
            <p class="text-sm">
              <span>15:25:14</span> / <span>00:00:44:309</span>
              <span class="badge fail-bg log float-right">Fail</span>
            </p>
          </div>
          <div class="test-contents d-none">
<div class="detail-head">
<div class="p-v-10">
<div class="info">
<h5 class="test-status text-fail">Login Feature</h5>
<span class='badge badge-success'>12.19.2023 15:25:14</span>
<span class='badge badge-danger'>12.19.2023 15:25:59</span>
<span class='badge badge-default'>00:00:44:309</span>
&middot; <span class='uri-anchor badge badge-default'>#test-id=25</span>
<span class='badge badge-default pointer float-right ml-1 et'><i class="fa fa-chevron-down"></i></span>
<span class='badge badge-default pointer float-right ct'><i class="fa fa-chevron-up"></i></span>
</div>
<div class="m-t-10 m-l-5"> In Order to perform successful login
As a User
I have to enter correct username and password</div>
</div>
</div>
<div class="accordion mt-4">
  <div class="card">
    <div class="card-header" role="tab">
      <div class="card-title">
        <div class="node" id="26"><span class="badge log pass-bg mr-2">Pass</span>User should navigate to login page successfully</div>
      </div>
    </div>
        <div class="collapse">
          <div class="card-body">
              <div class="step pass-bg" title="com.nopcommerce.demo.steps.LoginSteps.iAmOnHomepage()">
                <span>Given I am on homepage</span>
      <div>
      </div>
              </div>
              <div class="step pass-bg" title="com.nopcommerce.demo.steps.LoginSteps.iClickOnLoginLink()">
                <span>When I click on login link</span>
      <div>
      </div>
              </div>
              <div class="step pass-bg" title="com.nopcommerce.demo.steps.LoginSteps.iShouldNavigateToLoginPageSuccessfully()">
                <span>Then I should navigate to login page successfully</span>
      <div>
      </div>
              </div>
          </div>
        </div>
  </div>
  <div class="card">
    <div class="card-header" role="tab">
      <div class="card-title">
        <div class="node" id="32"><span class="badge log fail-bg mr-2">Fail</span>verifyTheErrorMessageWithInValidCredentials.</div>
      </div>
    </div>
        <div class="">
          <div class="card-body">
              <div class="step pass-bg" title="com.nopcommerce.demo.steps.LoginSteps.iAmOnHomepage()">
                <span>Given I am on homepage</span>
      <div>
      </div>
              </div>
              <div class="step pass-bg" title="com.nopcommerce.demo.steps.LoginSteps.iClickOnLoginLink()">
                <span>When I click on login link</span>
      <div>
      </div>
              </div>
              <div class="step pass-bg" title="com.nopcommerce.demo.steps.LoginSteps.iEnterEmail(java.lang.String)">
                <span>And I enter email "abc@gmail.com"</span>
      <div>
      </div>
              </div>
              <div class="step pass-bg" title="com.nopcommerce.demo.steps.LoginSteps.iEnterPassword(java.lang.String)">
                <span>And I enter password "abc123"</span>
      <div>
      </div>
              </div>
              <div class="step pass-bg" title="com.nopcommerce.demo.steps.LoginSteps.iClickOnLoginButton()">
                <span>And I click on login button</span>
      <div>
      </div>
              </div>
              <div class="step fail-bg" title="com.nopcommerce.demo.steps.LoginSteps.iSeeTheErrorMessage(java.lang.String)">
                <span>Then I see the error message</span>
      <div>
        <textarea disabled class="code-block">io.cucumber.core.exception.CucumberException: Step [I see the error message] is defined with 1 parameters at 'com.nopcommerce.demo.steps.LoginSteps.iSeeTheErrorMessage(java.lang.String)'.
However, the gherkin step has 0 arguments.
Step text: I see the error message
	at io.cucumber.core.runner.PickleStepDefinitionMatch.arityMismatch(PickleStepDefinitionMatch.java:83)
	at io.cucumber.core.runner.PickleStepDefinitionMatch.runStep(PickleStepDefinitionMatch.java:42)
	at io.cucumber.core.runner.ExecutionMode$1.execute(ExecutionMode.java:10)
	at io.cucumber.core.runner.TestStep.executeStep(TestStep.java:84)
	at io.cucumber.core.runner.TestStep.run(TestStep.java:56)
	at io.cucumber.core.runner.PickleStepTestStep.run(PickleStepTestStep.java:51)
	at io.cucumber.core.runner.TestCase.run(TestCase.java:84)
	at io.cucumber.core.runner.Runner.runPickle(Runner.java:75)
	at io.cucumber.testng.TestNGCucumberRunner.lambda$runScenario$1(TestNGCucumberRunner.java:132)
	at io.cucumber.core.runtime.CucumberExecutionContext.lambda$runTestCase$5(CucumberExecutionContext.java:137)
	at io.cucumber.core.runtime.RethrowingThrowableCollector.executeAndThrow(RethrowingThrowableCollector.java:23)
	at io.cucumber.core.runtime.CucumberExecutionContext.runTestCase(CucumberExecutionContext.java:137)
	at io.cucumber.testng.TestNGCucumberRunner.runScenario(TestNGCucumberRunner.java:129)
	at io.cucumber.testng.AbstractTestNGCucumberTests.runScenario(AbstractTestNGCucumberTests.java:35)
	at java.base/jdk.internal.reflect.NativeMethodAccessorImpl.invoke0(Native Method)
	at java.base/jdk.internal.reflect.NativeMethodAccessorImpl.invoke(NativeMethodAccessorImpl.java:77)
	at java.base/jdk.internal.reflect.DelegatingMethodAccessorImpl.invoke(DelegatingMethodAccessorImpl.java:43)
	at java.base/java.lang.reflect.Method.invoke(Method.java:568)
	at org.testng.internal.invokers.MethodInvocationHelper.invokeMethod(MethodInvocationHelper.java:139)
	at org.testng.internal.invokers.TestInvoker.invokeMethod(TestInvoker.java:664)
	at org.testng.internal.invokers.TestInvoker.invokeTestMethod(TestInvoker.java:227)
	at org.testng.internal.invokers.MethodRunner.runInSequence(MethodRunner.java:50)
	at org.testng.internal.invokers.TestInvoker$MethodInvocationAgent.invoke(TestInvoker.java:957)
	at org.testng.internal.invokers.TestInvoker.invokeTestMethods(TestInvoker.java:200)
	at org.testng.internal.invokers.TestMethodWorker.invokeTestMethods(TestMethodWorker.java:148)
	at org.testng.internal.invokers.TestMethodWorker.run(TestMethodWorker.java:128)
	at java.base/java.util.ArrayList.forEach(ArrayList.java:1511)
	at org.testng.TestRunner.privateRun(TestRunner.java:848)
	at org.testng.TestRunner.run(TestRunner.java:621)
	at org.testng.SuiteRunner.runTest(SuiteRunner.java:443)
	at org.testng.SuiteRunner.runSequentially(SuiteRunner.java:437)
	at org.testng.SuiteRunner.privateRun(SuiteRunner.java:397)
	at org.testng.SuiteRunner.run(SuiteRunner.java:336)
	at org.testng.SuiteRunnerWorker.runSuite(SuiteRunnerWorker.java:52)
	at org.testng.SuiteRunnerWorker.run(SuiteRunnerWorker.java:95)
	at org.testng.TestNG.runSuitesSequentially(TestNG.java:1280)
	at org.testng.TestNG.runSuitesLocally(TestNG.java:1200)
	at org.testng.TestNG.runSuites(TestNG.java:1114)
	at org.testng.TestNG.run(TestNG.java:1082)
	at com.intellij.rt.testng.IDEARemoteTestNG.run(IDEARemoteTestNG.java:66)
	at com.intellij.rt.testng.RemoteTestNGStarter.main(RemoteTestNGStarter.java:105)
</textarea>
      
      </div>
              </div>
          </div>
        </div>
  </div>
  <div class="card">
    <div class="card-header" role="tab">
      <div class="card-title">
        <div class="node" id="41"><span class="badge log fail-bg mr-2">Fail</span>verifyThatUserShouldLogInSuccessFullyWithValidCredentials.</div>
      </div>
    </div>
        <div class="">
          <div class="card-body">
              <div class="step pass-bg" title="com.nopcommerce.demo.steps.LoginSteps.iAmOnHomepage()">
                <span>Given I am on homepage</span>
      <div>
      </div>
              </div>
              <div class="step pass-bg" title="com.nopcommerce.demo.steps.LoginSteps.iClickOnLoginLink()">
                <span>When I click on login link</span>
      <div>
      </div>
              </div>
              <div class="step pass-bg" title="com.nopcommerce.demo.steps.LoginSteps.iEnterEmail(java.lang.String)">
                <span>And I enter email "a2b4@gmail.com"</span>
      <div>
      </div>
              </div>
              <div class="step pass-bg" title="com.nopcommerce.demo.steps.LoginSteps.iEnterPassword(java.lang.String)">
                <span>And I enter password "abc123"</span>
      <div>
      </div>
              </div>
              <div class="step pass-bg" title="com.nopcommerce.demo.steps.LoginSteps.iClickOnLoginButton()">
                <span>And I click on login button</span>
      <div>
      </div>
              </div>
              <div class="step fail-bg" title="com.nopcommerce.demo.steps.LoginSteps.iSeeLogoutLinkIsDisplayed()">
                <span>Then I see Logout link is displayed</span>
      <div>
        <textarea disabled class="code-block">org.openqa.selenium.NoSuchElementException: no such element: Unable to locate element: {"method":"xpath","selector":"//a[normalize-space()='Log out']"}
  (Session info: chrome=120.0.6099.72)
For documentation on this error, please visit: https://www.selenium.dev/documentation/webdriver/troubleshooting/errors#no-such-element-exception
Build info: version: '4.15.0', revision: '1d14b5521b'
System info: os.name: 'Windows 10', os.arch: 'amd64', os.version: '10.0', java.version: '17.0.8'
Driver info: org.openqa.selenium.chrome.ChromeDriver
Command: [916596932ea79d017562a8afcde72bda, findElement {using=xpath, value=//a[normalize-space()='Log out']}]
Capabilities {acceptInsecureCerts: false, browserName: chrome, browserVersion: 120.0.6099.72, chrome: {chromedriverVersion: 120.0.6099.109 (3419140ab66..., userDataDir: C:\Users\TUSHAR~1\AppData\L...}, fedcm:accounts: true, goog:chromeOptions: {debuggerAddress: localhost:56323}, networkConnectionEnabled: false, pageLoadStrategy: normal, platformName: windows, proxy: Proxy(), se:cdp: ws://localhost:56323/devtoo..., se:cdpVersion: 120.0.6099.72, setWindowRect: true, strictFileInteractability: false, timeouts: {implicit: 0, pageLoad: 300000, script: 30000}, unhandledPromptBehavior: dismiss and notify, webauthn:extension:credBlob: true, webauthn:extension:largeBlob: true, webauthn:extension:minPinLength: true, webauthn:extension:prf: true, webauthn:virtualAuthenticators: true}
Session ID: 916596932ea79d017562a8afcde72bda
	at java.base/jdk.internal.reflect.NativeConstructorAccessorImpl.newInstance0(Native Method)
	at java.base/jdk.internal.reflect.NativeConstructorAccessorImpl.newInstance(NativeConstructorAccessorImpl.java:77)
	at java.base/jdk.internal.reflect.DelegatingConstructorAccessorImpl.newInstance(DelegatingConstructorAccessorImpl.java:45)
	at java.base/java.lang.reflect.Constructor.newInstanceWithCaller(Constructor.java:499)
	at java.base/java.lang.reflect.Constructor.newInstance(Constructor.java:480)
	at org.openqa.selenium.remote.codec.w3c.W3CHttpResponseCodec.createException(W3CHttpResponseCodec.java:200)
	at org.openqa.selenium.remote.codec.w3c.W3CHttpResponseCodec.decode(W3CHttpResponseCodec.java:133)
	at org.openqa.selenium.remote.codec.w3c.W3CHttpResponseCodec.decode(W3CHttpResponseCodec.java:52)
	at org.openqa.selenium.remote.HttpCommandExecutor.execute(HttpCommandExecutor.java:191)
	at org.openqa.selenium.remote.service.DriverCommandExecutor.invokeExecute(DriverCommandExecutor.java:200)
	at org.openqa.selenium.remote.service.DriverCommandExecutor.execute(DriverCommandExecutor.java:175)
	at org.openqa.selenium.remote.RemoteWebDriver.execute(RemoteWebDriver.java:607)
	at org.openqa.selenium.remote.ElementLocation$ElementFinder$2.findElement(ElementLocation.java:165)
	at org.openqa.selenium.remote.ElementLocation.findElement(ElementLocation.java:59)
	at org.openqa.selenium.remote.RemoteWebDriver.findElement(RemoteWebDriver.java:364)
	at org.openqa.selenium.remote.RemoteWebDriver.findElement(RemoteWebDriver.java:358)
	at org.openqa.selenium.support.pagefactory.DefaultElementLocator.findElement(DefaultElementLocator.java:68)
	at org.openqa.selenium.support.pagefactory.internal.LocatingElementHandler.invoke(LocatingElementHandler.java:38)
	at jdk.proxy2/jdk.proxy2.$Proxy29.getText(Unknown Source)
	at com.nopcommerce.demo.utility.Utility.getTextFromElement(Utility.java:63)
	at com.nopcommerce.demo.pages.LoginPage.verifyLogoutLink(LoginPage.java:61)
	at com.nopcommerce.demo.steps.LoginSteps.iSeeLogoutLinkIsDisplayed(LoginSteps.java:56)
	at ✽.I see Logout link is displayed(file:///C:/Users/Tushar%20LP/IdeaProjects/nop-commerce-demo-cucumber/src/test/resources/features/login.feature:26)
</textarea>
      
      </div>
              </div>
          </div>
        </div>
  </div>
  <div class="card">
    <div class="card-header" role="tab">
      <div class="card-title">
        <div class="node" id="50"><span class="badge log pass-bg mr-2">Pass</span>VerifyThatUserShouldLogOutSuccessFully</div>
      </div>
    </div>
        <div class="collapse">
          <div class="card-body">
              <div class="step pass-bg" title="com.nopcommerce.demo.steps.LoginSteps.iAmOnHomepage()">
                <span>Given I am on homepage</span>
      <div>
      </div>
              </div>
              <div class="step pass-bg" title="com.nopcommerce.demo.steps.LoginSteps.iClickOnLoginLink()">
                <span>When I click on login link</span>
      <div>
      </div>
              </div>
              <div class="step pass-bg" title="com.nopcommerce.demo.steps.LoginSteps.iEnterEmail(java.lang.String)">
                <span>And I enter email "abc@gmail.com"</span>
      <div>
      </div>
              </div>
              <div class="step pass-bg" title="com.nopcommerce.demo.steps.LoginSteps.iEnterPassword(java.lang.String)">
                <span>And I enter password "abc123"</span>
      <div>
      </div>
              </div>
              <div class="step pass-bg" title="com.nopcommerce.demo.steps.LoginSteps.iClickOnLoginButton()">
                <span>And I click on login button</span>
      <div>
      </div>
              </div>
              <div class="step pass-bg" title="com.nopcommerce.demo.steps.LoginSteps.iClickOnLogOutLink()">
                <span>And I click on LogOut Link</span>
      <div>
      </div>
              </div>
              <div class="step pass-bg" title="com.nopcommerce.demo.steps.LoginSteps.iSeeLogInLinkDisplay()">
                <span>Then I see LogIn Link Display</span>
      <div>
      </div>
              </div>
          </div>
        </div>
  </div>
</div>
          </div>
        </li>
        <li class="test-item"  status="fail" test-id="60"
          author=""
          tag=""
          device="">
          <div class="test-detail">
            <p class="name">Register feature</p>
            <p class="text-sm">
              <span>15:25:59</span> / <span>00:00:36:940</span>
              <span class="badge fail-bg log float-right">Fail</span>
            </p>
          </div>
          <div class="test-contents d-none">
<div class="detail-head">
<div class="p-v-10">
<div class="info">
<h5 class="test-status text-fail">Register feature</h5>
<span class='badge badge-success'>12.19.2023 15:25:59</span>
<span class='badge badge-danger'>12.19.2023 15:26:35</span>
<span class='badge badge-default'>00:00:36:940</span>
&middot; <span class='uri-anchor badge badge-default'>#test-id=60</span>
<span class='badge badge-default pointer float-right ml-1 et'><i class="fa fa-chevron-down"></i></span>
<span class='badge badge-default pointer float-right ct'><i class="fa fa-chevron-up"></i></span>
</div>
<div class="m-t-10 m-l-5"></div>
</div>
</div>
<div class="accordion mt-4">
  <div class="card">
    <div class="card-header" role="tab">
      <div class="card-title">
        <div class="node" id="61"><span class="badge log pass-bg mr-2">Pass</span>User should create account successfully</div>
      </div>
    </div>
        <div class="collapse">
          <div class="card-body">
              <div class="step pass-bg" title="com.nopcommerce.demo.steps.LoginSteps.iAmOnHomepage()">
                <span>Given I am on homepage</span>
      <div>
      </div>
              </div>
              <div class="step pass-bg" title="com.nopcommerce.demo.steps.RegisterSteps.iClickOnRegisterLink()">
                <span>When I click on register link</span>
      <div>
      </div>
              </div>
              <div class="step pass-bg" title="com.nopcommerce.demo.steps.RegisterSteps.iSeeRegisterMessage()">
                <span>Then I see register message</span>
      <div>
      </div>
              </div>
          </div>
        </div>
  </div>
  <div class="card">
    <div class="card-header" role="tab">
      <div class="card-title">
        <div class="node" id="67"><span class="badge log pass-bg mr-2">Pass</span>verifyThatFirstNameLastNameEmailPasswordAndConfirmPasswordFieldsAreMandatory</div>
      </div>
    </div>
        <div class="collapse">
          <div class="card-body">
              <div class="step pass-bg" title="com.nopcommerce.demo.steps.LoginSteps.iAmOnHomepage()">
                <span>Given I am on homepage</span>
      <div>
      </div>
              </div>
              <div class="step pass-bg" title="com.nopcommerce.demo.steps.RegisterSteps.iClickOnRegisterLink()">
                <span>When I click on register link</span>
      <div>
      </div>
              </div>
              <div class="step pass-bg" title="com.nopcommerce.demo.steps.RegisterSteps.iClickOnRegisterButton()">
                <span>And I click on register Button</span>
      <div>
      </div>
              </div>
              <div class="step pass-bg" title="com.nopcommerce.demo.steps.RegisterSteps.iSeeTheErrorMessageFirstNameIsRequired()">
                <span>And I see the error message First name is required.</span>
      <div>
      </div>
              </div>
              <div class="step pass-bg" title="com.nopcommerce.demo.steps.RegisterSteps.iSeeTheErrorMessageLastNameIsRequired()">
                <span>And I see the error message Last name is required.</span>
      <div>
      </div>
              </div>
              <div class="step pass-bg" title="com.nopcommerce.demo.steps.RegisterSteps.iSeeTheErrorMessageEmailIsRequired()">
                <span>And I see the error message Email is required.</span>
      <div>
      </div>
              </div>
              <div class="step pass-bg" title="com.nopcommerce.demo.steps.RegisterSteps.iSeeTheErrorMessagePasswordIsRequired()">
                <span>And I see the error message Password is required.</span>
      <div>
      </div>
              </div>
              <div class="step pass-bg" title="com.nopcommerce.demo.steps.RegisterSteps.iSeeTheErrorMessageConfirmPasswordIsRequired()">
                <span>And I see the error message ConfirmPassword is required.</span>
      <div>
      </div>
              </div>
          </div>
        </div>
  </div>
  <div class="card">
    <div class="card-header" role="tab">
      <div class="card-title">
        <div class="node" id="78"><span class="badge log fail-bg mr-2">Fail</span>verifyThatUserShouldCreateAccountSuccessfully</div>
      </div>
    </div>
        <div class="">
          <div class="card-body">
              <div class="step pass-bg" title="com.nopcommerce.demo.steps.LoginSteps.iAmOnHomepage()">
                <span>Given I am on homepage</span>
      <div>
      </div>
              </div>
              <div class="step pass-bg" title="com.nopcommerce.demo.steps.RegisterSteps.iClickOnRegisterLink()">
                <span>When I click on register link</span>
      <div>
      </div>
              </div>
              <div class="step pass-bg" title="com.nopcommerce.demo.steps.RegisterSteps.iSelectGender(java.lang.String)">
                <span>And I select gender "Female"</span>
      <div>
      </div>
              </div>
              <div class="step pass-bg" title="com.nopcommerce.demo.steps.RegisterSteps.iEnterFirstname()">
                <span>And I enter firstname</span>
      <div>
      </div>
              </div>
              <div class="step pass-bg" title="com.nopcommerce.demo.steps.RegisterSteps.iEnterLastname()">
                <span>And I enter lastname</span>
      <div>
      </div>
              </div>
              <div class="step pass-bg" title="com.nopcommerce.demo.steps.RegisterSteps.iSelectDay()">
                <span>And I select day</span>
      <div>
      </div>
              </div>
              <div class="step pass-bg" title="com.nopcommerce.demo.steps.RegisterSteps.iSelectMonth()">
                <span>And I select month</span>
      <div>
      </div>
              </div>
              <div class="step pass-bg" title="com.nopcommerce.demo.steps.RegisterSteps.iSelectYear()">
                <span>And I select Year</span>
      <div>
      </div>
              </div>
              <div class="step pass-bg" title="com.nopcommerce.demo.steps.RegisterSteps.iEnterEmail()">
                <span>And I enter email</span>
      <div>
      </div>
              </div>
              <div class="step pass-bg" title="com.nopcommerce.demo.steps.RegisterSteps.iEnterPassword()">
                <span>And I enter password</span>
      <div>
      </div>
              </div>
              <div class="step pass-bg" title="com.nopcommerce.demo.steps.RegisterSteps.iConfirmPassword()">
                <span>And I confirm password</span>
      <div>
      </div>
              </div>
              <div class="step pass-bg" title="com.nopcommerce.demo.steps.RegisterSteps.iClickOnButton(java.lang.String)">
                <span>And I click on "REGISTER" button</span>
      <div>
      </div>
              </div>
              <div class="step fail-bg" title="com.nopcommerce.demo.steps.RegisterSteps.iSeeAMessage(java.lang.String)">
                <span>Then I see a message "Your registration completed"</span>
      <div>
        <textarea disabled class="code-block">org.openqa.selenium.NoSuchElementException: no such element: Unable to locate element: {"method":"link text","selector":"Your registration completed"}
  (Session info: chrome=120.0.6099.72)
For documentation on this error, please visit: https://www.selenium.dev/documentation/webdriver/troubleshooting/errors#no-such-element-exception
Build info: version: '4.15.0', revision: '1d14b5521b'
System info: os.name: 'Windows 10', os.arch: 'amd64', os.version: '10.0', java.version: '17.0.8'
Driver info: org.openqa.selenium.chrome.ChromeDriver
Command: [390dd1bf4789d8d49f04370c111cfba1, findElement {using=link text, value=Your registration completed}]
Capabilities {acceptInsecureCerts: false, browserName: chrome, browserVersion: 120.0.6099.72, chrome: {chromedriverVersion: 120.0.6099.109 (3419140ab66..., userDataDir: C:\Users\TUSHAR~1\AppData\L...}, fedcm:accounts: true, goog:chromeOptions: {debuggerAddress: localhost:56433}, networkConnectionEnabled: false, pageLoadStrategy: normal, platformName: windows, proxy: Proxy(), se:cdp: ws://localhost:56433/devtoo..., se:cdpVersion: 120.0.6099.72, setWindowRect: true, strictFileInteractability: false, timeouts: {implicit: 0, pageLoad: 300000, script: 30000}, unhandledPromptBehavior: dismiss and notify, webauthn:extension:credBlob: true, webauthn:extension:largeBlob: true, webauthn:extension:minPinLength: true, webauthn:extension:prf: true, webauthn:virtualAuthenticators: true}
Session ID: 390dd1bf4789d8d49f04370c111cfba1
	at java.base/jdk.internal.reflect.NativeConstructorAccessorImpl.newInstance0(Native Method)
	at java.base/jdk.internal.reflect.NativeConstructorAccessorImpl.newInstance(NativeConstructorAccessorImpl.java:77)
	at java.base/jdk.internal.reflect.DelegatingConstructorAccessorImpl.newInstance(DelegatingConstructorAccessorImpl.java:45)
	at java.base/java.lang.reflect.Constructor.newInstanceWithCaller(Constructor.java:499)
	at java.base/java.lang.reflect.Constructor.newInstance(Constructor.java:480)
	at org.openqa.selenium.remote.codec.w3c.W3CHttpResponseCodec.createException(W3CHttpResponseCodec.java:200)
	at org.openqa.selenium.remote.codec.w3c.W3CHttpResponseCodec.decode(W3CHttpResponseCodec.java:133)
	at org.openqa.selenium.remote.codec.w3c.W3CHttpResponseCodec.decode(W3CHttpResponseCodec.java:52)
	at org.openqa.selenium.remote.HttpCommandExecutor.execute(HttpCommandExecutor.java:191)
	at org.openqa.selenium.remote.service.DriverCommandExecutor.invokeExecute(DriverCommandExecutor.java:200)
	at org.openqa.selenium.remote.service.DriverCommandExecutor.execute(DriverCommandExecutor.java:175)
	at org.openqa.selenium.remote.RemoteWebDriver.execute(RemoteWebDriver.java:607)
	at org.openqa.selenium.remote.ElementLocation$ElementFinder$2.findElement(ElementLocation.java:165)
	at org.openqa.selenium.remote.ElementLocation.findElement(ElementLocation.java:59)
	at org.openqa.selenium.remote.RemoteWebDriver.findElement(RemoteWebDriver.java:364)
	at org.openqa.selenium.remote.RemoteWebDriver.findElement(RemoteWebDriver.java:358)
	at org.openqa.selenium.support.pagefactory.DefaultElementLocator.findElement(DefaultElementLocator.java:68)
	at org.openqa.selenium.support.pagefactory.internal.LocatingElementHandler.invoke(LocatingElementHandler.java:38)
	at jdk.proxy2/jdk.proxy2.$Proxy29.getText(Unknown Source)
	at com.nopcommerce.demo.utility.Utility.getTextFromElement(Utility.java:63)
	at com.nopcommerce.demo.pages.RegisterPage.verifyRegistrationCompletedMessage(RegisterPage.java:122)
	at com.nopcommerce.demo.steps.RegisterSteps.iSeeAMessage(RegisterSteps.java:77)
	at ✽.I see a message "Your registration completed"(file:///C:/Users/Tushar%20LP/IdeaProjects/nop-commerce-demo-cucumber/src/test/resources/features/register.feature:33)
</textarea>
      
      </div>
              </div>
              <div class="step skip-bg" title="com.nopcommerce.demo.steps.RegisterSteps.iEntersFollowingUsersDetails()">
                <span>And I enters following users details</span>
      <div><table class='markup-table table '><tr><td>First Name</td><td>LastName</td><td>Email</td><td>Password</td><td>ConfirmPassword</td></tr><tr><td>abc</td><td>xy</td><td>a2b4c@gmail.com</td><td>abc123</td><td>abc123</td></tr></table>
      </div>
      <div>Step skipped
      </div>
              </div>
          </div>
        </div>
  </div>
</div>
          </div>
        </li>
      </ul>
    </div>
  </div>
<div class="test-content scrollable">
<div class="test-content-tools">
<ul><li><a class="back-to-test" href="#"><i class="fa fa-arrow-left"></i></a></li></ul>
</div>
<div class="test-content-detail"><div class="detail-body"></div></div>
</div></div>
<div class="test-wrapper row view category-view attributes-view">
<div class="test-list">
<div class="test-list-tools">
<ul class="tools pull-left"><li><a href=""><span class="font-size-14">Category</span></a></li></ul>
<ul class="tools text-right"><li><a href="#"><span class="badge badge-primary">1</span></a></li></ul>
</div>
<div class="test-list-wrapper scrollable">
<ul class="test-list-item">
<li class="test-item">
<div class="test-detail">
<span class="meta">
<span class='badge log pass-bg'>5</span>
<span class='badge log badge-danger'>5</span>
</span>
<p class="name">@regression</p>
<p class="duration text-sm">10 tests</p>
</div>
<div class="test-contents d-none">
<div class="info">
<h4>@regression</h4>
<span status="pass" class='badge log pass-bg'>5 passed</span>
<span status="fail" class='badge log badge-danger'>5 failed</span>
</div>
<table class='table table-sm mt-4'>
<thead>
<tr>
<th class="status-col">Status</th>
<th class="timestamp-col">Timestamp</th>
<th>TestName</th>
</tr>
</thead>
<tbody>
<tr class="tag-test-status" status="pass">
<td><span class="badge log pass-bg">Pass</span></td>
<td>15:24:11 pm</td>
<td>
<a href="#" class="linked" test-id='1' id='2'>verifyUserShouldNavigateToComputerPageSuccessfully</a>
<div class="">
<span class="badge badge-default">Computer.verifyUserShouldNavigateToComputerPageSuccessfully</span>
</div>
</td>
</tr>
<tr class="tag-test-status" status="fail">
<td><span class="badge log fail-bg">Fail</span></td>
<td>15:24:22 pm</td>
<td>
<a href="#" class="linked" test-id='1' id='8'>verifyUserShouldNavigateToDesktopsPageSuccessfully</a>
<div class="">
<span class="badge badge-default">Computer.verifyUserShouldNavigateToDesktopsPageSuccessfully</span>
</div>
</td>
</tr>
<tr class="tag-test-status" status="fail">
<td><span class="badge log fail-bg">Fail</span></td>
<td>15:24:49 pm</td>
<td>
<a href="#" class="linked" test-id='1' id='15'>verifyThatUserShouldBuildYouOwnComputerAndAddThemToCartSuccessfully</a>
<div class="">
<span class="badge badge-default">Computer.verifyThatUserShouldBuildYouOwnComputerAndAddThemToCartSuccessfully</span>
</div>
</td>
</tr>
<tr class="tag-test-status" status="pass">
<td><span class="badge log pass-bg">Pass</span></td>
<td>15:25:14 pm</td>
<td>
<a href="#" class="linked" test-id='25' id='26'>User should navigate to login page successfully</a>
<div class="">
<span class="badge badge-default">Login Feature.User should navigate to login page successfully</span>
</div>
</td>
</tr>
<tr class="tag-test-status" status="fail">
<td><span class="badge log fail-bg">Fail</span></td>
<td>15:25:19 pm</td>
<td>
<a href="#" class="linked" test-id='25' id='32'>verifyTheErrorMessageWithInValidCredentials.</a>
<div class="">
<span class="badge badge-default">Login Feature.verifyTheErrorMessageWithInValidCredentials.</span>
</div>
</td>
</tr>
<tr class="tag-test-status" status="fail">
<td><span class="badge log fail-bg">Fail</span></td>
<td>15:25:25 pm</td>
<td>
<a href="#" class="linked" test-id='25' id='41'>verifyThatUserShouldLogInSuccessFullyWithValidCredentials.</a>
<div class="">
<span class="badge badge-default">Login Feature.verifyThatUserShouldLogInSuccessFullyWithValidCredentials.</span>
</div>
</td>
</tr>
<tr class="tag-test-status" status="pass">
<td><span class="badge log pass-bg">Pass</span></td>
<td>15:25:52 pm</td>
<td>
<a href="#" class="linked" test-id='25' id='50'>VerifyThatUserShouldLogOutSuccessFully</a>
<div class="">
<span class="badge badge-default">Login Feature.VerifyThatUserShouldLogOutSuccessFully</span>
</div>
</td>
</tr>
<tr class="tag-test-status" status="pass">
<td><span class="badge log pass-bg">Pass</span></td>
<td>15:25:59 pm</td>
<td>
<a href="#" class="linked" test-id='60' id='61'>User should create account successfully</a>
<div class="">
<span class="badge badge-default">Register feature.User should create account successfully</span>
</div>
</td>
</tr>
<tr class="tag-test-status" status="pass">
<td><span class="badge log pass-bg">Pass</span></td>
<td>15:26:04 pm</td>
<td>
<a href="#" class="linked" test-id='60' id='67'>verifyThatFirstNameLastNameEmailPasswordAndConfirmPasswordFieldsAreMandatory</a>
<div class="">
<span class="badge badge-default">Register feature.verifyThatFirstNameLastNameEmailPasswordAndConfirmPasswordFieldsAreMandatory</span>
</div>
</td>
</tr>
<tr class="tag-test-status" status="fail">
<td><span class="badge log fail-bg">Fail</span></td>
<td>15:26:09 pm</td>
<td>
<a href="#" class="linked" test-id='60' id='78'>verifyThatUserShouldCreateAccountSuccessfully</a>
<div class="">
<span class="badge badge-default">Register feature.verifyThatUserShouldCreateAccountSuccessfully</span>
</div>
</td>
</tr>
</tbody>
</table>
</div>
</li>
</ul>
</div>
</div>
<div class="test-content scrollable">
<div class="test-content-detail">
<div class="detail-body"></div>
</div>
</div>
</div><div class="test-wrapper row view exception-view attributes-view">
<div class="test-list">
<div class="test-list-tools">
<ul class="tools pull-left"><li><a href=""><span class="font-size-14">Exception</span></a></li></ul>
<ul class="tools text-right"><li><a href="#"><span class="badge badge-primary">3</span></a></li></ul>
</div>
<div class="test-list-wrapper scrollable">
<ul class="test-list-item">
<li class="test-item">
<div class="test-detail">
<span class="meta">
<span class='badge log badge-danger'>2</span>
</span>
<p class="name">org.openqa.selenium.NoSuchElementException</p>
<p class="duration text-sm">2 tests</p>
</div>
<div class="test-contents d-none">
<div class="info">
<h4>org.openqa.selenium.NoSuchElementException</h4>
<span status="fail" class='badge log badge-danger'>2 failed</span>
</div>
<table class='table table-sm mt-4'>
<thead>
<tr>
<th class="status-col">Status</th>
<th class="timestamp-col">Timestamp</th>
<th>TestName</th>
</tr>
</thead>
<tbody>
<tr class="tag-test-status" status="fail">
<td><span class="badge log fail-bg">Fail</span></td>
<td>15:25:31 pm</td>
<td>
<a href="#" class="linked" test-id='25' id='48'>Then I see Logout link is displayed</a>
<div class="">
<span class="badge badge-default">Login Feature.verifyThatUserShouldLogInSuccessFullyWithValidCredentials..Then I see Logout link is displayed</span>
</div>
</td>
</tr>
<tr class="tag-test-status" status="fail">
<td><span class="badge log fail-bg">Fail</span></td>
<td>15:26:15 pm</td>
<td>
<a href="#" class="linked" test-id='60' id='92'>Then I see a message "Your registration completed"</a>
<div class="">
<span class="badge badge-default">Register feature.verifyThatUserShouldCreateAccountSuccessfully.Then I see a message "Your registration completed"</span>
</div>
</td>
</tr>
</tbody>
</table>
</div>
</li>
<li class="test-item">
<div class="test-detail">
<span class="meta">
<span class='badge log badge-danger'>2</span>
</span>
<p class="name">org.openqa.selenium.ElementNotInteractableException</p>
<p class="duration text-sm">2 tests</p>
</div>
<div class="test-contents d-none">
<div class="info">
<h4>org.openqa.selenium.ElementNotInteractableException</h4>
<span status="fail" class='badge log badge-danger'>2 failed</span>
</div>
<table class='table table-sm mt-4'>
<thead>
<tr>
<th class="status-col">Status</th>
<th class="timestamp-col">Timestamp</th>
<th>TestName</th>
</tr>
</thead>
<tbody>
<tr class="tag-test-status" status="fail">
<td><span class="badge log fail-bg">Fail</span></td>
<td>15:24:28 pm</td>
<td>
<a href="#" class="linked" test-id='1' id='12'>And I Click on Desktops link</a>
<div class="">
<span class="badge badge-default">Computer.verifyUserShouldNavigateToDesktopsPageSuccessfully.And I Click on Desktops link</span>
</div>
</td>
</tr>
<tr class="tag-test-status" status="fail">
<td><span class="badge log fail-bg">Fail</span></td>
<td>15:24:53 pm</td>
<td>
<a href="#" class="linked" test-id='1' id='19'>And I Click on Desktops link</a>
<div class="">
<span class="badge badge-default">Computer.verifyThatUserShouldBuildYouOwnComputerAndAddThemToCartSuccessfully.And I Click on Desktops link</span>
</div>
</td>
</tr>
</tbody>
</table>
</div>
</li>
<li class="test-item">
<div class="test-detail">
<span class="meta">
<span class='badge log badge-danger'>1</span>
</span>
<p class="name">io.cucumber.core.exception.CucumberException</p>
<p class="duration text-sm">1 tests</p>
</div>
<div class="test-contents d-none">
<div class="info">
<h4>io.cucumber.core.exception.CucumberException</h4>
<span status="fail" class='badge log badge-danger'>1 failed</span>
</div>
<table class='table table-sm mt-4'>
<thead>
<tr>
<th class="status-col">Status</th>
<th class="timestamp-col">Timestamp</th>
<th>TestName</th>
</tr>
</thead>
<tbody>
<tr class="tag-test-status" status="fail">
<td><span class="badge log fail-bg">Fail</span></td>
<td>15:25:24 pm</td>
<td>
<a href="#" class="linked" test-id='25' id='39'>Then I see the error message</a>
<div class="">
<span class="badge badge-default">Login Feature.verifyTheErrorMessageWithInValidCredentials..Then I see the error message</span>
</div>
</td>
</tr>
</tbody>
</table>
</div>
</li>
</ul>
</div>
</div>
<div class="test-content scrollable">
<div class="test-content-detail">
<div class="detail-body"></div>
</div>
</div>
</div>        </div>
      </div>
    </div>
  </div>
<script src="https://cdn.jsdelivr.net/gh/extent-framework/extent-github-cdn@d6562a79075e061305ccfdb82f01e5e195e2d307/spark/js/spark-script.js"></script>
<script type="text/javascript"></script></body>
</html>